<?xml version="1.0" encoding="UTF-8"?>
<testsuite name="Test" tests="1" skipped="0" failures="0" errors="0" timestamp="2024-02-14T11:27:23" hostname="Stanislavs-MacBook-Air.local" time="0.03">
  <properties/>
  <testcase name="testSolution()" classname="Test" time="0.03"/>
  <system-out><![CDATA[]]></system-out>
  <system-err><![CDATA[]]></system-err>
</testsuite>
